<?xml version="1.0" encoding="UTF-8"?>
<!-- Generated by org.testng.reporters.JUnitXMLReporter -->
<testsuite hostname="BOG06PROVL01.local" ignored="0" name="Default test(failed)(failed)" tests="1" failures="1" timestamp="04 jun 2018 04:23:15 GMT" time="46.849" errors="0">
  <testcase name="test_web_site_checkout_payu" time="23.473" classname="mobile.automation.regression.test.smokeTest_web_site">
    <failure type="org.openqa.selenium.NoSuchElementException" message="Cannot locate element with text: currencyOption
For documentation on this error, please visit: http://seleniumhq.org/exceptions/no_such_element.html
Build info: version: &amp;apos;3.12.0&amp;apos;, revision: &amp;apos;7c6e0b3&amp;apos;, time: &amp;apos;2018-05-08T14:04:26.12Z&amp;apos;
System info: host: &amp;apos;BOG06PROVL01.local&amp;apos;, ip: &amp;apos;192.168.0.2&amp;apos;, os.name: &amp;apos;Mac OS X&amp;apos;, os.arch: &amp;apos;x86_64&amp;apos;, os.version: &amp;apos;10.13.5&amp;apos;, java.version: &amp;apos;1.8.0_60&amp;apos;
Driver info: driver.version: unknown">
      <![CDATA[org.openqa.selenium.NoSuchElementException: Cannot locate element with text: currencyOption
For documentation on this error, please visit: http://seleniumhq.org/exceptions/no_such_element.html
Build info: version: '3.12.0', revision: '7c6e0b3', time: '2018-05-08T14:04:26.12Z'
System info: host: 'BOG06PROVL01.local', ip: '192.168.0.2', os.name: 'Mac OS X', os.arch: 'x86_64', os.version: '10.13.5', java.version: '1.8.0_60'
Driver info: driver.version: unknown
at org.openqa.selenium.support.ui.Select.selectByVisibleText(Select.java:151)
at page.objects.web.chrome.PostCheckoutPageObjects.select_currency(PostCheckoutPageObjects.java:32)
at mobile.automation.regression.test.smokeTest_web_site.test_web_site_checkout_payu(smokeTest_web_site.java:65)
... Removed 25 stack frames]]>
    </failure>
  </testcase> <!-- test_web_site_checkout_payu -->
</testsuite> <!-- Default test(failed)(failed) -->
